Test 0 (get_local_time(TOWN_CHRISTCHURCH, 5, 15, 859)) - passed
Test 1 (get_local_time(TOWN_SYDNEY, 4, 5, 0)) - passed
Test 2 (get_local_time(TOWN_ADELAIDE, 6, 30, 1030)) - passed
Test 3 (get_local_time(TOWN_BRISBANE, 8, 17, 2015)) - passed
Test 4 (get_local_time(TOWN_AUCKLAND, 4, 27, 800)) - passed
Test 5 (get_local_time(TOWN_PERTH, 1, 30, 2311)) - passed
Test 6 (get_local_time(TOWN_PERTH, 5, 2, 2000)) - passed
Test 7 (get_local_time(TOWN_CHRISTCHURCH, 10, 6, 2230)) - passed
Test 8 (get_local_time(TOWN_CANBERRA, 12, 16, 1428)) - passed
Test 9 (get_local_time(TOWN_DARWIN, 11, 1, 339)) - failed (Incorrect output)
Your program produced these 1 lines of output:
get_local_time(4, 11, 1, 339) returned 1409

The correct 1 lines of output for this test were:
get_local_time(4, 11, 1, 339) returned 1309

The difference between your output(-) and the correct output(+) is:
- get_local_time(4, 11, 1, 339) returned 1409
+ get_local_time(4, 11, 1, 339) returned 1309

The input for this test was:
4 11 1 339
Test 10 (get_local_time(TOWN_HOBART, 7, 8, 1300)) - passed
Test 11 (get_local_time(TOWN_MELBOURNE, 9, 27, 1354)) - passed
Test 12 (get_local_time(TOWN_WELLINGTON, 1, 5, 924)) - passed
Test 13 (get_local_time(TOWN_BRISBANE, 4, 18, 1400)) - passed
Test 14 (get_local_time(TOWN_BRISBANE, 10, 8, 1106)) - failed (Incorrect output)
Your program produced these 1 lines of output:
get_local_time(1, 10, 8, 1106) returned 2206

The correct 1 lines of output for this test were:
get_local_time(1, 10, 8, 1106) returned 2106

The difference between your output(-) and the correct output(+) is:
- get_local_time(1, 10, 8, 1106) returned 2206
+ get_local_time(1, 10, 8, 1106) returned 2106

The input for this test was:
1 10 8 1106
Test 15 (get_local_time(TOWN_SYDNEY, 10, 29, 1201)) - passed
Test 16 (get_local_time(TOWN_DARWIN, 2, 17, 2345)) - failed (Incorrect output)
Your program produced these 1 lines of output:
get_local_time(4, 2, 17, 2345) returned 1015

The correct 1 lines of output for this test were:
get_local_time(4, 2, 17, 2345) returned 915

The difference between your output(-) and the correct output(+) is:
- get_local_time(4, 2, 17, 2345) returned 1015
+ get_local_time(4, 2, 17, 2345) returned 915

The input for this test was:
4 2 17 2345
Test 17 (get_local_time(TOWN_AUCKLAND, 8, 7, 2200)) - passed
Test 18 (get_local_time(TOWN_EUCLA, 9, 5, 1015)) - passed
Test 19 (get_local_time(TOWN_BROKEN_HILL, 1, 1, 1000)) - passed
Test 20 (get_local_time(TOWN_LORD_HOWE_IS, 10, 1, 2215)) - passed
Test 21 (get_local_time(TOWN_EUCLA, 2, 6, 2359)) - passed
Test 22 (get_local_time(TOWN_BROKEN_HILL, 7, 17, 117)) - passed
20 tests passed 3 tests failed
